Line 41: Class MCI.MMControl of control MMControl1 was not a loaded control class.
Line 274: Class SHDocVwCtl.WebBrowser of control WebBrowser1 was not a loaded control class.
Line 48: The property name _ExtentX in MMControl1 is invalid.
Line 49: The property name _ExtentY in MMControl1 is invalid.
Line 50: The property name _Version in MMControl1 is invalid.
Line 51: The property name DeviceType in MMControl1 is invalid.
Line 52: The property name FileName in MMControl1 is invalid.
Line 280: The property name ExtentX in WebBrowser1 is invalid.
Line 281: The property name ExtentY in WebBrowser1 is invalid.
Line 282: The property name ViewMode in WebBrowser1 is invalid.
Line 283: The property name Offline in WebBrowser1 is invalid.
Line 284: The property name Silent in WebBrowser1 is invalid.
Line 285: The property name RegisterAsBrowser in WebBrowser1 is invalid.
Line 286: The property name RegisterAsDropTarget in WebBrowser1 is invalid.
Line 287: The property name AutoArrange in WebBrowser1 is invalid.
Line 288: The property name NoClientEdge in WebBrowser1 is invalid.
Line 289: The property name AlignLeft in WebBrowser1 is invalid.
Line 290: The property name NoWebView in WebBrowser1 is invalid.
Line 291: The property name HideFileNames in WebBrowser1 is invalid.
Line 292: The property name SingleClick in WebBrowser1 is invalid.
Line 293: The property name SingleSelection in WebBrowser1 is invalid.
Line 294: The property name NoFolders in WebBrowser1 is invalid.
Line 295: The property name Transparent in WebBrowser1 is invalid.
Line 296: The property name ViewID in WebBrowser1 is invalid.
Line 297: The property name Location in WebBrowser1 is invalid.
